[2026-04-10T10:25:41.726+0000] {manager.py:469} INFO - Processing files using up to 2 processes at a time 
[2026-04-10T10:25:41.728+0000] {manager.py:470} INFO - Process each file at most once every 30 seconds
[2026-04-10T10:25:41.729+0000] {manager.py:471} INFO - Checking for new files in /opt/airflow/dags every 300 seconds
[2026-04-10T10:25:41.731+0000] {manager.py:738} INFO - Searching for files in /opt/airflow/dags
[2026-04-10T10:25:41.771+0000] {manager.py:741} INFO - There are 1 files in /opt/airflow/dags
[2026-04-10T10:25:42.205+0000] {manager.py:879} INFO - 
================================================================================
DAG File Processing Stats

File Path                                               PID  Runtime      # DAGs    # Errors  Last Runtime    Last Run
----------------------------------------------------  -----  ---------  --------  ----------  --------------  ----------
/opt/airflow/dags/marketplace_orders_ingest_daily.py     50  0.15s             0           0
================================================================================
[2026-04-10T10:26:16.462+0000] {manager.py:879} INFO - 
================================================================================
DAG File Processing Stats

File Path                                               PID  Runtime      # DAGs    # Errors  Last Runtime    Last Run
----------------------------------------------------  -----  ---------  --------  ----------  --------------  -------------------
/opt/airflow/dags/marketplace_orders_ingest_daily.py     51  0.03s             1           0  2.54s           2026-04-10T10:25:44
================================================================================
[2026-04-10T10:26:47.000+0000] {manager.py:879} INFO - 
================================================================================
DAG File Processing Stats

File Path                                               PID  Runtime      # DAGs    # Errors  Last Runtime    Last Run
----------------------------------------------------  -----  ---------  --------  ----------  --------------  -------------------
/opt/airflow/dags/marketplace_orders_ingest_daily.py     51  30.57s            1           0  2.54s           2026-04-10T10:25:44
================================================================================
[2026-04-10T10:27:06.760+0000] {manager.py:1201} ERROR - Processor for /opt/airflow/dags/marketplace_orders_ingest_daily.py with PID 51 started at 2026-04-10T10:26:16.425389+00:00 has timed out, killing it.
[2026-04-10T10:27:17.238+0000] {manager.py:879} INFO - 
================================================================================
DAG File Processing Stats

File Path                                             PID    Runtime      # DAGs    # Errors  Last Runtime    Last Run
----------------------------------------------------  -----  ---------  --------  ----------  --------------  -------------------
/opt/airflow/dags/marketplace_orders_ingest_daily.py                           0           1  50.17s          2026-04-10T10:27:06
================================================================================
[2026-04-10T10:29:47.273+0000] {manager.py:879} INFO - 
================================================================================
DAG File Processing Stats

File Path                                               PID  Runtime      # DAGs    # Errors  Last Runtime    Last Run
----------------------------------------------------  -----  ---------  --------  ----------  --------------  -------------------
/opt/airflow/dags/marketplace_orders_ingest_daily.py     52  0.25s             0           1  50.17s          2026-04-10T10:27:06
================================================================================
[2026-04-10T10:30:17.423+0000] {manager.py:879} INFO - 
================================================================================
DAG File Processing Stats

File Path                                               PID  Runtime      # DAGs    # Errors  Last Runtime    Last Run
----------------------------------------------------  -----  ---------  --------  ----------  --------------  -------------------
/opt/airflow/dags/marketplace_orders_ingest_daily.py     52  30.50s            0           1  50.17s          2026-04-10T10:27:06
================================================================================
[2026-04-10T10:30:31.815+0000] {manager.py:1017} ERROR - Processor for /opt/airflow/dags/marketplace_orders_ingest_daily.py exited with return code 1.
[2026-04-10T10:30:43.434+0000] {manager.py:738} INFO - Searching for files in /opt/airflow/dags
[2026-04-10T10:30:45.461+0000] {manager.py:741} INFO - There are 1 files in /opt/airflow/dags
[2026-04-10T10:30:47.670+0000] {manager.py:879} INFO - 
================================================================================
DAG File Processing Stats

File Path                                             PID    Runtime      # DAGs    # Errors  Last Runtime    Last Run
----------------------------------------------------  -----  ---------  --------  ----------  --------------  -------------------
/opt/airflow/dags/marketplace_orders_ingest_daily.py                           0          -1  44.84s          2026-04-10T10:30:31
================================================================================
[2026-04-10T10:31:27.111+0000] {manager.py:879} INFO - 
================================================================================
DAG File Processing Stats

File Path                                               PID  Runtime      # DAGs    # Errors  Last Runtime    Last Run
----------------------------------------------------  -----  ---------  --------  ----------  --------------  -------------------
/opt/airflow/dags/marketplace_orders_ingest_daily.py     53  23.87s            0          -1  44.84s          2026-04-10T10:30:31
================================================================================
[2026-04-10T10:31:43.742+0000] {manager.py:1017} ERROR - Processor for /opt/airflow/dags/marketplace_orders_ingest_daily.py exited with return code 1.
[2026-04-10T10:31:58.581+0000] {manager.py:879} INFO - 
================================================================================
DAG File Processing Stats

File Path                                             PID    Runtime      # DAGs    # Errors  Last Runtime    Last Run
----------------------------------------------------  -----  ---------  --------  ----------  --------------  -------------------
/opt/airflow/dags/marketplace_orders_ingest_daily.py                           0          -1  41.11s          2026-04-10T10:31:43
================================================================================
[2026-04-10T10:32:29.865+0000] {manager.py:879} INFO - 
================================================================================
DAG File Processing Stats

File Path                                               PID  Runtime      # DAGs    # Errors  Last Runtime    Last Run
----------------------------------------------------  -----  ---------  --------  ----------  --------------  -------------------
/opt/airflow/dags/marketplace_orders_ingest_daily.py     54  0.07s             0          -1  41.11s          2026-04-10T10:31:43
================================================================================
[2026-04-10T10:33:01.036+0000] {manager.py:879} INFO - 
================================================================================
DAG File Processing Stats

File Path                                               PID  Runtime      # DAGs    # Errors  Last Runtime    Last Run
----------------------------------------------------  -----  ---------  --------  ----------  --------------  -------------------
/opt/airflow/dags/marketplace_orders_ingest_daily.py     54  31.25s            0          -1  41.11s          2026-04-10T10:31:43
================================================================================
[2026-04-10T10:33:09.070+0000] {manager.py:1017} ERROR - Processor for /opt/airflow/dags/marketplace_orders_ingest_daily.py exited with return code 1.
[2026-04-10T10:33:34.256+0000] {manager.py:879} INFO - 
================================================================================
DAG File Processing Stats

File Path                                             PID    Runtime      # DAGs    # Errors  Last Runtime    Last Run
----------------------------------------------------  -----  ---------  --------  ----------  --------------  -------------------
/opt/airflow/dags/marketplace_orders_ingest_daily.py                           0          -1  39.29s          2026-04-10T10:33:09
================================================================================
[2026-04-10T10:34:25.542+0000] {manager.py:879} INFO - 
================================================================================
DAG File Processing Stats

File Path                                               PID  Runtime      # DAGs    # Errors  Last Runtime    Last Run
----------------------------------------------------  -----  ---------  --------  ----------  --------------  -------------------
/opt/airflow/dags/marketplace_orders_ingest_daily.py     55  45.68s            0          -1  39.29s          2026-04-10T10:33:09
================================================================================
[2026-04-10T10:34:34.227+0000] {manager.py:1201} ERROR - Processor for /opt/airflow/dags/marketplace_orders_ingest_daily.py with PID 55 started at 2026-04-10T10:33:39.859843+00:00 has timed out, killing it.
[2026-04-10T10:35:03.778+0000] {manager.py:879} INFO - 
================================================================================
DAG File Processing Stats

File Path                                             PID    Runtime      # DAGs    # Errors  Last Runtime    Last Run
----------------------------------------------------  -----  ---------  --------  ----------  --------------  -------------------
/opt/airflow/dags/marketplace_orders_ingest_daily.py                           0           1  54.30s          2026-04-10T10:34:34
================================================================================
[2026-04-10T10:35:42.012+0000] {manager.py:879} INFO - 
================================================================================
DAG File Processing Stats

File Path                                               PID  Runtime      # DAGs    # Errors  Last Runtime    Last Run
----------------------------------------------------  -----  ---------  --------  ----------  --------------  -------------------
/opt/airflow/dags/marketplace_orders_ingest_daily.py     56  36.25s            0           1  54.30s          2026-04-10T10:34:34
================================================================================
[2026-04-10T10:35:47.172+0000] {manager.py:738} INFO - Searching for files in /opt/airflow/dags
[2026-04-10T10:35:47.658+0000] {manager.py:741} INFO - There are 1 files in /opt/airflow/dags
[2026-04-10T10:36:34.539+0000] {manager.py:1201} ERROR - Processor for /opt/airflow/dags/marketplace_orders_ingest_daily.py with PID 56 started at 2026-04-10T10:35:05.759985+00:00 has timed out, killing it.
[2026-04-10T10:36:34.566+0000] {manager.py:879} INFO - 
================================================================================
DAG File Processing Stats

File Path                                             PID    Runtime      # DAGs    # Errors  Last Runtime    Last Run
----------------------------------------------------  -----  ---------  --------  ----------  --------------  -------------------
/opt/airflow/dags/marketplace_orders_ingest_daily.py                           0           1  88.78s          2026-04-10T10:36:34
================================================================================
[2026-04-10T10:51:08.218+0000] {manager.py:469} INFO - Processing files using up to 2 processes at a time 
[2026-04-10T10:51:08.222+0000] {manager.py:470} INFO - Process each file at most once every 30 seconds
[2026-04-10T10:51:08.223+0000] {manager.py:471} INFO - Checking for new files in /opt/airflow/dags every 300 seconds
[2026-04-10T10:51:08.225+0000] {manager.py:738} INFO - Searching for files in /opt/airflow/dags
[2026-04-10T10:51:08.286+0000] {manager.py:741} INFO - There are 1 files in /opt/airflow/dags
[2026-04-10T10:51:09.462+0000] {manager.py:879} INFO - 
================================================================================
DAG File Processing Stats

File Path                                               PID  Runtime      # DAGs    # Errors  Last Runtime    Last Run
----------------------------------------------------  -----  ---------  --------  ----------  --------------  ----------
/opt/airflow/dags/marketplace_orders_ingest_daily.py     51  0.79s             0           0
================================================================================
[2026-04-10T10:51:39.439+0000] {manager.py:879} INFO - 
================================================================================
DAG File Processing Stats

File Path                                             PID    Runtime      # DAGs    # Errors  Last Runtime    Last Run
----------------------------------------------------  -----  ---------  --------  ----------  --------------  -------------------
/opt/airflow/dags/marketplace_orders_ingest_daily.py                           1           0  2.34s           2026-04-10T10:51:10
================================================================================
[2026-04-10T10:52:09.648+0000] {manager.py:879} INFO - 
================================================================================
DAG File Processing Stats

File Path                                             PID    Runtime      # DAGs    # Errors  Last Runtime    Last Run
----------------------------------------------------  -----  ---------  --------  ----------  --------------  -------------------
/opt/airflow/dags/marketplace_orders_ingest_daily.py                           1           0  10.62s          2026-04-10T10:51:52
================================================================================
[2026-04-10T10:52:40.421+0000] {manager.py:879} INFO - 
================================================================================
DAG File Processing Stats

File Path                                             PID    Runtime      # DAGs    # Errors  Last Runtime    Last Run
----------------------------------------------------  -----  ---------  --------  ----------  --------------  -------------------
/opt/airflow/dags/marketplace_orders_ingest_daily.py                           1           0  1.61s           2026-04-10T10:52:24
================================================================================
[2026-04-10T10:53:10.583+0000] {manager.py:879} INFO - 
================================================================================
DAG File Processing Stats

File Path                                             PID    Runtime      # DAGs    # Errors  Last Runtime    Last Run
----------------------------------------------------  -----  ---------  --------  ----------  --------------  -------------------
/opt/airflow/dags/marketplace_orders_ingest_daily.py                           1           0  0.85s           2026-04-10T10:52:55
================================================================================
[2026-04-10T10:53:41.072+0000] {manager.py:879} INFO - 
================================================================================
DAG File Processing Stats

File Path                                             PID    Runtime      # DAGs    # Errors  Last Runtime    Last Run
----------------------------------------------------  -----  ---------  --------  ----------  --------------  -------------------
/opt/airflow/dags/marketplace_orders_ingest_daily.py                           1           0  1.07s           2026-04-10T10:53:26
================================================================================
[2026-04-10T10:54:11.501+0000] {manager.py:879} INFO - 
================================================================================
DAG File Processing Stats

File Path                                             PID    Runtime      # DAGs    # Errors  Last Runtime    Last Run
----------------------------------------------------  -----  ---------  --------  ----------  --------------  -------------------
/opt/airflow/dags/marketplace_orders_ingest_daily.py                           1           0  1.03s           2026-04-10T10:53:58
================================================================================
[2026-04-10T10:54:41.564+0000] {manager.py:879} INFO - 
================================================================================
DAG File Processing Stats

File Path                                             PID    Runtime      # DAGs    # Errors  Last Runtime    Last Run
----------------------------------------------------  -----  ---------  --------  ----------  --------------  -------------------
/opt/airflow/dags/marketplace_orders_ingest_daily.py                           1           0  0.77s           2026-04-10T10:54:29
================================================================================
[2026-04-10T10:55:12.302+0000] {manager.py:879} INFO - 
================================================================================
DAG File Processing Stats

File Path                                             PID    Runtime      # DAGs    # Errors  Last Runtime    Last Run
----------------------------------------------------  -----  ---------  --------  ----------  --------------  -------------------
/opt/airflow/dags/marketplace_orders_ingest_daily.py                           1           0  1.51s           2026-04-10T10:55:01
================================================================================
[2026-04-10T10:55:42.769+0000] {manager.py:879} INFO - 
================================================================================
DAG File Processing Stats

File Path                                             PID    Runtime      # DAGs    # Errors  Last Runtime    Last Run
----------------------------------------------------  -----  ---------  --------  ----------  --------------  -------------------
/opt/airflow/dags/marketplace_orders_ingest_daily.py                           1           0  0.32s           2026-04-10T10:55:31
================================================================================
[2026-04-10T10:56:08.364+0000] {manager.py:738} INFO - Searching for files in /opt/airflow/dags
[2026-04-10T10:56:08.532+0000] {manager.py:741} INFO - There are 1 files in /opt/airflow/dags
[2026-04-10T10:56:12.892+0000] {manager.py:879} INFO - 
================================================================================
DAG File Processing Stats

File Path                                             PID    Runtime      # DAGs    # Errors  Last Runtime    Last Run
----------------------------------------------------  -----  ---------  --------  ----------  --------------  -------------------
/opt/airflow/dags/marketplace_orders_ingest_daily.py                           1           0  1.00s           2026-04-10T10:56:03
================================================================================
[2026-04-10T10:56:42.923+0000] {manager.py:879} INFO - 
================================================================================
DAG File Processing Stats

File Path                                             PID    Runtime      # DAGs    # Errors  Last Runtime    Last Run
----------------------------------------------------  -----  ---------  --------  ----------  --------------  -------------------
/opt/airflow/dags/marketplace_orders_ingest_daily.py                           1           0  0.63s           2026-04-10T10:56:33
================================================================================
[2026-04-10T10:57:13.187+0000] {manager.py:879} INFO - 
================================================================================
DAG File Processing Stats

File Path                                             PID    Runtime      # DAGs    # Errors  Last Runtime    Last Run
----------------------------------------------------  -----  ---------  --------  ----------  --------------  -------------------
/opt/airflow/dags/marketplace_orders_ingest_daily.py                           1           0  0.31s           2026-04-10T10:57:04
================================================================================
[2026-04-10T10:57:43.881+0000] {manager.py:879} INFO - 
================================================================================
DAG File Processing Stats

File Path                                             PID    Runtime      # DAGs    # Errors  Last Runtime    Last Run
----------------------------------------------------  -----  ---------  --------  ----------  --------------  -------------------
/opt/airflow/dags/marketplace_orders_ingest_daily.py                           1           0  0.46s           2026-04-10T10:57:34
================================================================================
[2026-04-10T10:58:14.185+0000] {manager.py:879} INFO - 
================================================================================
DAG File Processing Stats

File Path                                             PID    Runtime      # DAGs    # Errors  Last Runtime    Last Run
----------------------------------------------------  -----  ---------  --------  ----------  --------------  -------------------
/opt/airflow/dags/marketplace_orders_ingest_daily.py                           1           0  5.16s           2026-04-10T10:58:10
================================================================================
[2026-04-10T10:58:44.420+0000] {manager.py:879} INFO - 
================================================================================
DAG File Processing Stats

File Path                                             PID    Runtime      # DAGs    # Errors  Last Runtime    Last Run
----------------------------------------------------  -----  ---------  --------  ----------  --------------  -------------------
/opt/airflow/dags/marketplace_orders_ingest_daily.py                           1           0  0.85s           2026-04-10T10:58:41
================================================================================
[2026-04-10T10:59:14.588+0000] {manager.py:879} INFO - 
================================================================================
DAG File Processing Stats

File Path                                             PID    Runtime      # DAGs    # Errors  Last Runtime    Last Run
----------------------------------------------------  -----  ---------  --------  ----------  --------------  -------------------
/opt/airflow/dags/marketplace_orders_ingest_daily.py                           1           0  1.84s           2026-04-10T10:59:13
================================================================================
[2026-04-10T10:59:44.961+0000] {manager.py:879} INFO - 
================================================================================
DAG File Processing Stats

File Path                                             PID    Runtime      # DAGs    # Errors  Last Runtime    Last Run
----------------------------------------------------  -----  ---------  --------  ----------  --------------  -------------------
/opt/airflow/dags/marketplace_orders_ingest_daily.py                           1           0  0.80s           2026-04-10T10:59:44
================================================================================
[2026-04-10T11:02:18.103+0000] {manager.py:738} INFO - Searching for files in /opt/airflow/dags
[2026-04-10T11:02:20.974+0000] {manager.py:741} INFO - There are 1 files in /opt/airflow/dags
[2026-04-10T11:02:27.064+0000] {manager.py:879} INFO - 
================================================================================
DAG File Processing Stats

File Path                                               PID  Runtime      # DAGs    # Errors  Last Runtime    Last Run
----------------------------------------------------  -----  ---------  --------  ----------  --------------  -------------------
/opt/airflow/dags/marketplace_orders_ingest_daily.py     68  3.32s             1           0  0.80s           2026-04-10T10:59:44
================================================================================
[2026-04-10T11:02:56.053+0000] {manager.py:879} INFO - 
================================================================================
DAG File Processing Stats

File Path                                             PID    Runtime      # DAGs    # Errors  Last Runtime    Last Run
----------------------------------------------------  -----  ---------  --------  ----------  --------------  -------------------
/opt/airflow/dags/marketplace_orders_ingest_daily.py                           1           0  7.33s           2026-04-10T11:02:31
================================================================================
[2026-04-10T11:03:26.604+0000] {manager.py:879} INFO - 
================================================================================
DAG File Processing Stats

File Path                                             PID    Runtime      # DAGs    # Errors  Last Runtime    Last Run
----------------------------------------------------  -----  ---------  --------  ----------  --------------  -------------------
/opt/airflow/dags/marketplace_orders_ingest_daily.py                           1           0  0.84s           2026-04-10T11:03:02
================================================================================
[2026-04-10T11:03:56.928+0000] {manager.py:879} INFO - 
================================================================================
DAG File Processing Stats

File Path                                             PID    Runtime      # DAGs    # Errors  Last Runtime    Last Run
----------------------------------------------------  -----  ---------  --------  ----------  --------------  -------------------
/opt/airflow/dags/marketplace_orders_ingest_daily.py                           1           0  2.23s           2026-04-10T11:03:35
================================================================================
[2026-04-10T11:04:27.202+0000] {manager.py:879} INFO - 
================================================================================
DAG File Processing Stats

File Path                                             PID    Runtime      # DAGs    # Errors  Last Runtime    Last Run
----------------------------------------------------  -----  ---------  --------  ----------  --------------  -------------------
/opt/airflow/dags/marketplace_orders_ingest_daily.py                           1           0  0.23s           2026-04-10T11:04:06
================================================================================
[2026-04-10T11:04:57.669+0000] {manager.py:879} INFO - 
================================================================================
DAG File Processing Stats

File Path                                             PID    Runtime      # DAGs    # Errors  Last Runtime    Last Run
----------------------------------------------------  -----  ---------  --------  ----------  --------------  -------------------
/opt/airflow/dags/marketplace_orders_ingest_daily.py                           1           0  0.29s           2026-04-10T11:04:36
================================================================================
[2026-04-10T11:05:28.047+0000] {manager.py:879} INFO - 
================================================================================
DAG File Processing Stats

File Path                                             PID    Runtime      # DAGs    # Errors  Last Runtime    Last Run
----------------------------------------------------  -----  ---------  --------  ----------  --------------  -------------------
/opt/airflow/dags/marketplace_orders_ingest_daily.py                           1           0  0.23s           2026-04-10T11:05:06
================================================================================
[2026-04-10T11:05:58.428+0000] {manager.py:879} INFO - 
================================================================================
DAG File Processing Stats

File Path                                             PID    Runtime      # DAGs    # Errors  Last Runtime    Last Run
----------------------------------------------------  -----  ---------  --------  ----------  --------------  -------------------
/opt/airflow/dags/marketplace_orders_ingest_daily.py                           1           0  0.68s           2026-04-10T11:05:37
================================================================================
[2026-04-10T11:06:28.681+0000] {manager.py:879} INFO - 
================================================================================
DAG File Processing Stats

File Path                                             PID    Runtime      # DAGs    # Errors  Last Runtime    Last Run
----------------------------------------------------  -----  ---------  --------  ----------  --------------  -------------------
/opt/airflow/dags/marketplace_orders_ingest_daily.py                           1           0  0.75s           2026-04-10T11:06:08
================================================================================
[2026-04-10T11:06:58.707+0000] {manager.py:879} INFO - 
================================================================================
DAG File Processing Stats

File Path                                             PID    Runtime      # DAGs    # Errors  Last Runtime    Last Run
----------------------------------------------------  -----  ---------  --------  ----------  --------------  -------------------
/opt/airflow/dags/marketplace_orders_ingest_daily.py                           1           0  1.27s           2026-04-10T11:06:40
================================================================================
[2026-04-10T11:07:18.383+0000] {manager.py:738} INFO - Searching for files in /opt/airflow/dags
[2026-04-10T11:07:18.745+0000] {manager.py:741} INFO - There are 1 files in /opt/airflow/dags
[2026-04-10T11:07:29.024+0000] {manager.py:879} INFO - 
================================================================================
DAG File Processing Stats

File Path                                             PID    Runtime      # DAGs    # Errors  Last Runtime    Last Run
----------------------------------------------------  -----  ---------  --------  ----------  --------------  -------------------
/opt/airflow/dags/marketplace_orders_ingest_daily.py                           1           0  1.33s           2026-04-10T11:07:12
================================================================================
[2026-04-10T11:07:59.625+0000] {manager.py:879} INFO - 
================================================================================
DAG File Processing Stats

File Path                                             PID    Runtime      # DAGs    # Errors  Last Runtime    Last Run
----------------------------------------------------  -----  ---------  --------  ----------  --------------  -------------------
/opt/airflow/dags/marketplace_orders_ingest_daily.py                           1           0  1.17s           2026-04-10T11:07:43
================================================================================
[2026-04-10T11:08:29.666+0000] {manager.py:879} INFO - 
================================================================================
DAG File Processing Stats

File Path                                             PID    Runtime      # DAGs    # Errors  Last Runtime    Last Run
----------------------------------------------------  -----  ---------  --------  ----------  --------------  -------------------
/opt/airflow/dags/marketplace_orders_ingest_daily.py                           1           0  13.65s          2026-04-10T11:08:27
================================================================================
[2026-04-10T11:08:59.709+0000] {manager.py:879} INFO - 
================================================================================
DAG File Processing Stats

File Path                                               PID  Runtime      # DAGs    # Errors  Last Runtime    Last Run
----------------------------------------------------  -----  ---------  --------  ----------  --------------  -------------------
/opt/airflow/dags/marketplace_orders_ingest_daily.py     80  2.02s             1           0  13.65s          2026-04-10T11:08:27
================================================================================
[2026-04-10T11:09:30.455+0000] {manager.py:879} INFO - 
================================================================================
DAG File Processing Stats

File Path                                             PID    Runtime      # DAGs    # Errors  Last Runtime    Last Run
----------------------------------------------------  -----  ---------  --------  ----------  --------------  -------------------
/opt/airflow/dags/marketplace_orders_ingest_daily.py                           1           0  6.75s           2026-04-10T11:09:04
================================================================================
[2026-04-10T11:10:00.833+0000] {manager.py:879} INFO - 
================================================================================
DAG File Processing Stats

File Path                                             PID    Runtime      # DAGs    # Errors  Last Runtime    Last Run
----------------------------------------------------  -----  ---------  --------  ----------  --------------  -------------------
/opt/airflow/dags/marketplace_orders_ingest_daily.py                           1           0  10.02s          2026-04-10T11:09:44
================================================================================
[2026-04-10T11:10:30.799+0000] {manager.py:879} INFO - 
================================================================================
DAG File Processing Stats

File Path                                             PID    Runtime      # DAGs    # Errors  Last Runtime    Last Run
----------------------------------------------------  -----  ---------  --------  ----------  --------------  -------------------
/opt/airflow/dags/marketplace_orders_ingest_daily.py                           1           0  1.26s           2026-04-10T11:10:16
================================================================================
[2026-04-10T11:11:01.005+0000] {manager.py:879} INFO - 
================================================================================
DAG File Processing Stats

File Path                                             PID    Runtime      # DAGs    # Errors  Last Runtime    Last Run
----------------------------------------------------  -----  ---------  --------  ----------  --------------  -------------------
/opt/airflow/dags/marketplace_orders_ingest_daily.py                           1           0  2.10s           2026-04-10T11:10:49
================================================================================
[2026-04-10T11:11:30.983+0000] {manager.py:879} INFO - 
================================================================================
DAG File Processing Stats

File Path                                             PID    Runtime      # DAGs    # Errors  Last Runtime    Last Run
----------------------------------------------------  -----  ---------  --------  ----------  --------------  -------------------
/opt/airflow/dags/marketplace_orders_ingest_daily.py                           1           0  2.98s           2026-04-10T11:11:22
================================================================================
[2026-04-10T11:12:01.215+0000] {manager.py:879} INFO - 
================================================================================
DAG File Processing Stats

File Path                                             PID    Runtime      # DAGs    # Errors  Last Runtime    Last Run
----------------------------------------------------  -----  ---------  --------  ----------  --------------  -------------------
/opt/airflow/dags/marketplace_orders_ingest_daily.py                           1           0  2.25s           2026-04-10T11:11:56
================================================================================
[2026-04-10T11:12:18.490+0000] {manager.py:738} INFO - Searching for files in /opt/airflow/dags
[2026-04-10T11:12:18.692+0000] {manager.py:741} INFO - There are 1 files in /opt/airflow/dags
[2026-04-10T11:12:31.441+0000] {manager.py:879} INFO - 
================================================================================
DAG File Processing Stats

File Path                                             PID    Runtime      # DAGs    # Errors  Last Runtime    Last Run
----------------------------------------------------  -----  ---------  --------  ----------  --------------  -------------------
/opt/airflow/dags/marketplace_orders_ingest_daily.py                           1           0  0.87s           2026-04-10T11:12:27
================================================================================
[2026-04-10T11:13:01.669+0000] {manager.py:879} INFO - 
================================================================================
DAG File Processing Stats

File Path                                               PID  Runtime      # DAGs    # Errors  Last Runtime    Last Run
----------------------------------------------------  -----  ---------  --------  ----------  --------------  -------------------
/opt/airflow/dags/marketplace_orders_ingest_daily.py     87  3.61s             1           0  0.87s           2026-04-10T11:12:27
================================================================================
[2026-04-10T11:28:56.490+0000] {manager.py:469} INFO - Processing files using up to 2 processes at a time 
[2026-04-10T11:28:56.493+0000] {manager.py:470} INFO - Process each file at most once every 30 seconds
[2026-04-10T11:28:56.495+0000] {manager.py:471} INFO - Checking for new files in /opt/airflow/dags every 300 seconds
[2026-04-10T11:28:56.496+0000] {manager.py:738} INFO - Searching for files in /opt/airflow/dags
[2026-04-10T11:28:56.578+0000] {manager.py:741} INFO - There are 1 files in /opt/airflow/dags
[2026-04-10T11:28:57.468+0000] {manager.py:879} INFO - 
================================================================================
DAG File Processing Stats

File Path                                               PID  Runtime      # DAGs    # Errors  Last Runtime    Last Run
----------------------------------------------------  -----  ---------  --------  ----------  --------------  ----------
/opt/airflow/dags/marketplace_orders_ingest_daily.py     52  0.54s             0           0
================================================================================
[2026-04-10T11:29:27.657+0000] {manager.py:879} INFO - 
================================================================================
DAG File Processing Stats

File Path                                             PID    Runtime      # DAGs    # Errors  Last Runtime    Last Run
----------------------------------------------------  -----  ---------  --------  ----------  --------------  -------------------
/opt/airflow/dags/marketplace_orders_ingest_daily.py                           1           0  4.67s           2026-04-10T11:29:01
================================================================================
[2026-04-10T11:29:57.873+0000] {manager.py:879} INFO - 
================================================================================
DAG File Processing Stats

File Path                                             PID    Runtime      # DAGs    # Errors  Last Runtime    Last Run
----------------------------------------------------  -----  ---------  --------  ----------  --------------  -------------------
/opt/airflow/dags/marketplace_orders_ingest_daily.py                           1           0  11.62s          2026-04-10T11:29:43
================================================================================
[2026-04-10T11:30:31.368+0000] {manager.py:879} INFO - 
================================================================================
DAG File Processing Stats

File Path                                               PID  Runtime      # DAGs    # Errors  Last Runtime    Last Run
----------------------------------------------------  -----  ---------  --------  ----------  --------------  -------------------
/opt/airflow/dags/marketplace_orders_ingest_daily.py     54  13.31s            1           0  11.62s          2026-04-10T11:29:43
================================================================================
[2026-04-10T11:31:01.577+0000] {manager.py:879} INFO - 
================================================================================
DAG File Processing Stats

File Path                                             PID    Runtime      # DAGs    # Errors  Last Runtime    Last Run
----------------------------------------------------  -----  ---------  --------  ----------  --------------  -------------------
/opt/airflow/dags/marketplace_orders_ingest_daily.py                           1           0  35.27s          2026-04-10T11:30:50
================================================================================
[2026-04-10T11:31:32.296+0000] {manager.py:879} INFO - 
================================================================================
DAG File Processing Stats

File Path                                             PID    Runtime      # DAGs    # Errors  Last Runtime    Last Run
----------------------------------------------------  -----  ---------  --------  ----------  --------------  -------------------
/opt/airflow/dags/marketplace_orders_ingest_daily.py                           1           0  1.03s           2026-04-10T11:31:21
================================================================================
[2026-04-10T11:32:02.311+0000] {manager.py:879} INFO - 
================================================================================
DAG File Processing Stats

File Path                                             PID    Runtime      # DAGs    # Errors  Last Runtime    Last Run
----------------------------------------------------  -----  ---------  --------  ----------  --------------  -------------------
/opt/airflow/dags/marketplace_orders_ingest_daily.py                           1           0  7.31s           2026-04-10T11:31:59
================================================================================
[2026-04-10T11:32:32.768+0000] {manager.py:879} INFO - 
================================================================================
DAG File Processing Stats

File Path                                             PID    Runtime      # DAGs    # Errors  Last Runtime    Last Run
----------------------------------------------------  -----  ---------  --------  ----------  --------------  -------------------
/opt/airflow/dags/marketplace_orders_ingest_daily.py                           1           0  2.78s           2026-04-10T11:32:32
================================================================================
[2026-04-10T11:33:03.301+0000] {manager.py:879} INFO - 
================================================================================
DAG File Processing Stats

File Path                                               PID  Runtime      # DAGs    # Errors  Last Runtime    Last Run
----------------------------------------------------  -----  ---------  --------  ----------  --------------  -------------------
/opt/airflow/dags/marketplace_orders_ingest_daily.py     58  0.76s             1           0  2.78s           2026-04-10T11:32:32
================================================================================
[2026-04-10T11:33:33.840+0000] {manager.py:879} INFO - 
================================================================================
DAG File Processing Stats

File Path                                               PID  Runtime      # DAGs    # Errors  Last Runtime    Last Run
----------------------------------------------------  -----  ---------  --------  ----------  --------------  -------------------
/opt/airflow/dags/marketplace_orders_ingest_daily.py     59  0.01s             1           0  1.13s           2026-04-10T11:33:03
================================================================================
[2026-04-10T11:33:57.065+0000] {manager.py:738} INFO - Searching for files in /opt/airflow/dags
[2026-04-10T11:33:57.191+0000] {manager.py:741} INFO - There are 1 files in /opt/airflow/dags
[2026-04-10T11:34:04.601+0000] {manager.py:879} INFO - 
================================================================================
DAG File Processing Stats

File Path                                               PID  Runtime      # DAGs    # Errors  Last Runtime    Last Run
----------------------------------------------------  -----  ---------  --------  ----------  --------------  -------------------
/opt/airflow/dags/marketplace_orders_ingest_daily.py     60  0.01s             1           0  0.19s           2026-04-10T11:33:34
================================================================================
[2026-04-10T11:34:34.845+0000] {manager.py:879} INFO - 
================================================================================
DAG File Processing Stats

File Path                                               PID  Runtime      # DAGs    # Errors  Last Runtime    Last Run
----------------------------------------------------  -----  ---------  --------  ----------  --------------  -------------------
/opt/airflow/dags/marketplace_orders_ingest_daily.py     61  0.01s             1           0  0.18s           2026-04-10T11:34:04
================================================================================
[2026-04-10T11:35:05.279+0000] {manager.py:879} INFO - 
================================================================================
DAG File Processing Stats

File Path                                               PID  Runtime      # DAGs    # Errors  Last Runtime    Last Run
----------------------------------------------------  -----  ---------  --------  ----------  --------------  -------------------
/opt/airflow/dags/marketplace_orders_ingest_daily.py     62  0.01s             1           0  0.19s           2026-04-10T11:34:35
================================================================================
[2026-04-10T11:35:35.675+0000] {manager.py:879} INFO - 
================================================================================
DAG File Processing Stats

File Path                                               PID  Runtime      # DAGs    # Errors  Last Runtime    Last Run
----------------------------------------------------  -----  ---------  --------  ----------  --------------  -------------------
/opt/airflow/dags/marketplace_orders_ingest_daily.py     63  0.00s             1           0  0.22s           2026-04-10T11:35:05
================================================================================
[2026-04-10T11:36:06.207+0000] {manager.py:879} INFO - 
================================================================================
DAG File Processing Stats

File Path                                               PID  Runtime      # DAGs    # Errors  Last Runtime    Last Run
----------------------------------------------------  -----  ---------  --------  ----------  --------------  -------------------
/opt/airflow/dags/marketplace_orders_ingest_daily.py     64  0.00s             1           0  0.46s           2026-04-10T11:35:36
================================================================================
[2026-04-10T11:36:36.592+0000] {manager.py:879} INFO - 
================================================================================
DAG File Processing Stats

File Path                                               PID  Runtime      # DAGs    # Errors  Last Runtime    Last Run
----------------------------------------------------  -----  ---------  --------  ----------  --------------  -------------------
/opt/airflow/dags/marketplace_orders_ingest_daily.py     65  0.01s             1           0  0.31s           2026-04-10T11:36:06
================================================================================
[2026-04-10T11:37:06.807+0000] {manager.py:879} INFO - 
================================================================================
DAG File Processing Stats

File Path                                               PID  Runtime      # DAGs    # Errors  Last Runtime    Last Run
----------------------------------------------------  -----  ---------  --------  ----------  --------------  -------------------
/opt/airflow/dags/marketplace_orders_ingest_daily.py     66  0.00s             1           0  0.20s           2026-04-10T11:36:36
================================================================================
[2026-04-10T11:37:37.204+0000] {manager.py:879} INFO - 
================================================================================
DAG File Processing Stats

File Path                                               PID  Runtime      # DAGs    # Errors  Last Runtime    Last Run
----------------------------------------------------  -----  ---------  --------  ----------  --------------  -------------------
/opt/airflow/dags/marketplace_orders_ingest_daily.py     67  0.01s             1           0  0.21s           2026-04-10T11:37:07
================================================================================
[2026-04-10T11:38:07.437+0000] {manager.py:879} INFO - 
================================================================================
DAG File Processing Stats

File Path                                               PID  Runtime      # DAGs    # Errors  Last Runtime    Last Run
----------------------------------------------------  -----  ---------  --------  ----------  --------------  -------------------
/opt/airflow/dags/marketplace_orders_ingest_daily.py     68  0.01s             1           0  0.19s           2026-04-10T11:37:37
================================================================================
[2026-04-10T11:38:37.794+0000] {manager.py:879} INFO - 
================================================================================
DAG File Processing Stats

File Path                                               PID  Runtime      # DAGs    # Errors  Last Runtime    Last Run
----------------------------------------------------  -----  ---------  --------  ----------  --------------  -------------------
/opt/airflow/dags/marketplace_orders_ingest_daily.py     69  0.01s             1           0  0.17s           2026-04-10T11:38:07
================================================================================
[2026-04-10T11:38:57.068+0000] {manager.py:738} INFO - Searching for files in /opt/airflow/dags
[2026-04-10T11:38:57.089+0000] {manager.py:741} INFO - There are 1 files in /opt/airflow/dags
[2026-04-10T11:39:08.026+0000] {manager.py:879} INFO - 
================================================================================
DAG File Processing Stats

File Path                                               PID  Runtime      # DAGs    # Errors  Last Runtime    Last Run
----------------------------------------------------  -----  ---------  --------  ----------  --------------  -------------------
/opt/airflow/dags/marketplace_orders_ingest_daily.py     70  0.01s             1           0  0.16s           2026-04-10T11:38:37
================================================================================
[2026-04-10T11:39:38.430+0000] {manager.py:879} INFO - 
================================================================================
DAG File Processing Stats

File Path                                               PID  Runtime      # DAGs    # Errors  Last Runtime    Last Run
----------------------------------------------------  -----  ---------  --------  ----------  --------------  -------------------
/opt/airflow/dags/marketplace_orders_ingest_daily.py     71  0.00s             1           0  0.26s           2026-04-10T11:39:08
================================================================================
[2026-04-10T11:40:08.639+0000] {manager.py:879} INFO - 
================================================================================
DAG File Processing Stats

File Path                                               PID  Runtime      # DAGs    # Errors  Last Runtime    Last Run
----------------------------------------------------  -----  ---------  --------  ----------  --------------  -------------------
/opt/airflow/dags/marketplace_orders_ingest_daily.py     72  0.01s             1           0  0.17s           2026-04-10T11:39:38
================================================================================
[2026-04-10T11:40:39.020+0000] {manager.py:879} INFO - 
================================================================================
DAG File Processing Stats

File Path                                               PID  Runtime      # DAGs    # Errors  Last Runtime    Last Run
----------------------------------------------------  -----  ---------  --------  ----------  --------------  -------------------
/opt/airflow/dags/marketplace_orders_ingest_daily.py     73  0.01s             1           0  0.25s           2026-04-10T11:40:08
================================================================================
[2026-04-10T11:41:09.302+0000] {manager.py:879} INFO - 
================================================================================
DAG File Processing Stats

File Path                                               PID  Runtime      # DAGs    # Errors  Last Runtime    Last Run
----------------------------------------------------  -----  ---------  --------  ----------  --------------  -------------------
/opt/airflow/dags/marketplace_orders_ingest_daily.py     74  0.01s             1           0  0.16s           2026-04-10T11:40:39
================================================================================
[2026-04-10T11:41:39.744+0000] {manager.py:879} INFO - 
================================================================================
DAG File Processing Stats

File Path                                               PID  Runtime      # DAGs    # Errors  Last Runtime    Last Run
----------------------------------------------------  -----  ---------  --------  ----------  --------------  -------------------
/opt/airflow/dags/marketplace_orders_ingest_daily.py     75  0.00s             1           0  0.17s           2026-04-10T11:41:09
================================================================================
[2026-04-10T11:42:09.977+0000] {manager.py:879} INFO - 
================================================================================
DAG File Processing Stats

File Path                                               PID  Runtime      # DAGs    # Errors  Last Runtime    Last Run
----------------------------------------------------  -----  ---------  --------  ----------  --------------  -------------------
/opt/airflow/dags/marketplace_orders_ingest_daily.py     76  0.00s             1           0  0.15s           2026-04-10T11:41:39
================================================================================
[2026-04-10T11:42:40.314+0000] {manager.py:879} INFO - 
================================================================================
DAG File Processing Stats

File Path                                               PID  Runtime      # DAGs    # Errors  Last Runtime    Last Run
----------------------------------------------------  -----  ---------  --------  ----------  --------------  -------------------
/opt/airflow/dags/marketplace_orders_ingest_daily.py     77  0.00s             1           0  0.29s           2026-04-10T11:42:10
================================================================================
[2026-04-10T11:43:10.663+0000] {manager.py:879} INFO - 
================================================================================
DAG File Processing Stats

File Path                                               PID  Runtime      # DAGs    # Errors  Last Runtime    Last Run
----------------------------------------------------  -----  ---------  --------  ----------  --------------  -------------------
/opt/airflow/dags/marketplace_orders_ingest_daily.py     78  0.00s             1           0  0.16s           2026-04-10T11:42:40
================================================================================
[2026-04-10T11:43:40.910+0000] {manager.py:879} INFO - 
================================================================================
DAG File Processing Stats

File Path                                               PID  Runtime      # DAGs    # Errors  Last Runtime    Last Run
----------------------------------------------------  -----  ---------  --------  ----------  --------------  -------------------
/opt/airflow/dags/marketplace_orders_ingest_daily.py     79  0.01s             1           0  0.18s           2026-04-10T11:43:10
================================================================================
[2026-04-10T11:43:57.156+0000] {manager.py:738} INFO - Searching for files in /opt/airflow/dags
[2026-04-10T11:43:57.204+0000] {manager.py:741} INFO - There are 1 files in /opt/airflow/dags
[2026-04-10T11:44:11.331+0000] {manager.py:879} INFO - 
================================================================================
DAG File Processing Stats

File Path                                               PID  Runtime      # DAGs    # Errors  Last Runtime    Last Run
----------------------------------------------------  -----  ---------  --------  ----------  --------------  -------------------
/opt/airflow/dags/marketplace_orders_ingest_daily.py     80  0.01s             1           0  0.26s           2026-04-10T11:43:41
================================================================================
[2026-04-10T11:44:41.578+0000] {manager.py:879} INFO - 
================================================================================
DAG File Processing Stats

File Path                                               PID  Runtime      # DAGs    # Errors  Last Runtime    Last Run
----------------------------------------------------  -----  ---------  --------  ----------  --------------  -------------------
/opt/airflow/dags/marketplace_orders_ingest_daily.py     81  0.01s             1           0  0.15s           2026-04-10T11:44:11
================================================================================
[2026-04-10T11:45:12.021+0000] {manager.py:879} INFO - 
================================================================================
DAG File Processing Stats

File Path                                               PID  Runtime      # DAGs    # Errors  Last Runtime    Last Run
----------------------------------------------------  -----  ---------  --------  ----------  --------------  -------------------
/opt/airflow/dags/marketplace_orders_ingest_daily.py     82  0.01s             1           0  0.14s           2026-04-10T11:44:41
================================================================================
[2026-04-10T11:45:42.472+0000] {manager.py:879} INFO - 
================================================================================
DAG File Processing Stats

File Path                                               PID  Runtime      # DAGs    # Errors  Last Runtime    Last Run
----------------------------------------------------  -----  ---------  --------  ----------  --------------  -------------------
/opt/airflow/dags/marketplace_orders_ingest_daily.py     83  0.02s             1           0  0.16s           2026-04-10T11:45:12
================================================================================
[2026-04-10T11:46:12.747+0000] {manager.py:879} INFO - 
================================================================================
DAG File Processing Stats

File Path                                               PID  Runtime      # DAGs    # Errors  Last Runtime    Last Run
----------------------------------------------------  -----  ---------  --------  ----------  --------------  -------------------
/opt/airflow/dags/marketplace_orders_ingest_daily.py     84  0.01s             1           0  0.23s           2026-04-10T11:45:42
================================================================================
[2026-04-10T11:46:43.098+0000] {manager.py:879} INFO - 
================================================================================
DAG File Processing Stats

File Path                                               PID  Runtime      # DAGs    # Errors  Last Runtime    Last Run
----------------------------------------------------  -----  ---------  --------  ----------  --------------  -------------------
/opt/airflow/dags/marketplace_orders_ingest_daily.py     85  0.01s             1           0  0.24s           2026-04-10T11:46:12
================================================================================
[2026-04-10T11:47:13.330+0000] {manager.py:879} INFO - 
================================================================================
DAG File Processing Stats

File Path                                             PID    Runtime      # DAGs    # Errors  Last Runtime    Last Run
----------------------------------------------------  -----  ---------  --------  ----------  --------------  -------------------
/opt/airflow/dags/marketplace_orders_ingest_daily.py                           1           0  0.44s           2026-04-10T11:46:43
================================================================================
[2026-04-10T11:47:44.053+0000] {manager.py:879} INFO - 
================================================================================
DAG File Processing Stats

File Path                                               PID  Runtime      # DAGs    # Errors  Last Runtime    Last Run
----------------------------------------------------  -----  ---------  --------  ----------  --------------  -------------------
/opt/airflow/dags/marketplace_orders_ingest_daily.py     87  0.01s             1           0  0.14s           2026-04-10T11:47:13
================================================================================
[2026-04-10T11:48:14.456+0000] {manager.py:879} INFO - 
================================================================================
DAG File Processing Stats

File Path                                               PID  Runtime      # DAGs    # Errors  Last Runtime    Last Run
----------------------------------------------------  -----  ---------  --------  ----------  --------------  -------------------
/opt/airflow/dags/marketplace_orders_ingest_daily.py     88  0.01s             1           0  0.17s           2026-04-10T11:47:44
================================================================================
[2026-04-10T11:48:44.698+0000] {manager.py:879} INFO - 
================================================================================
DAG File Processing Stats

File Path                                               PID  Runtime      # DAGs    # Errors  Last Runtime    Last Run
----------------------------------------------------  -----  ---------  --------  ----------  --------------  -------------------
/opt/airflow/dags/marketplace_orders_ingest_daily.py     89  0.01s             1           0  0.21s           2026-04-10T11:48:14
================================================================================
[2026-04-10T11:48:57.786+0000] {manager.py:738} INFO - Searching for files in /opt/airflow/dags
[2026-04-10T11:48:57.821+0000] {manager.py:741} INFO - There are 1 files in /opt/airflow/dags
[2026-04-10T11:49:14.985+0000] {manager.py:879} INFO - 
================================================================================
DAG File Processing Stats

File Path                                               PID  Runtime      # DAGs    # Errors  Last Runtime    Last Run
----------------------------------------------------  -----  ---------  --------  ----------  --------------  -------------------
/opt/airflow/dags/marketplace_orders_ingest_daily.py     90  0.01s             1           0  0.16s           2026-04-10T11:48:44
================================================================================
[2026-04-10T12:19:18.893+0000] {manager.py:469} INFO - Processing files using up to 2 processes at a time 
[2026-04-10T12:19:18.901+0000] {manager.py:470} INFO - Process each file at most once every 30 seconds
[2026-04-10T12:19:18.902+0000] {manager.py:471} INFO - Checking for new files in /opt/airflow/dags every 300 seconds
[2026-04-10T12:19:18.903+0000] {manager.py:738} INFO - Searching for files in /opt/airflow/dags
[2026-04-10T12:19:19.023+0000] {manager.py:741} INFO - There are 1 files in /opt/airflow/dags
[2026-04-10T12:19:20.956+0000] {manager.py:879} INFO - 
================================================================================
DAG File Processing Stats

File Path                                               PID  Runtime      # DAGs    # Errors  Last Runtime    Last Run
----------------------------------------------------  -----  ---------  --------  ----------  --------------  ----------
/opt/airflow/dags/marketplace_orders_ingest_daily.py     51  1.21s             0           0
================================================================================
[2026-04-10T12:19:51.525+0000] {manager.py:879} INFO - 
================================================================================
DAG File Processing Stats

File Path                                             PID    Runtime      # DAGs    # Errors  Last Runtime    Last Run
----------------------------------------------------  -----  ---------  --------  ----------  --------------  -------------------
/opt/airflow/dags/marketplace_orders_ingest_daily.py                           1           0  10.05s          2026-04-10T12:19:29
================================================================================
[2026-04-10T12:20:32.307+0000] {manager.py:879} INFO - 
================================================================================
DAG File Processing Stats

File Path                                             PID    Runtime      # DAGs    # Errors  Last Runtime    Last Run
----------------------------------------------------  -----  ---------  --------  ----------  --------------  -------------------
/opt/airflow/dags/marketplace_orders_ingest_daily.py                           1           0  7.28s           2026-04-10T12:20:07
================================================================================
[2026-04-10T12:21:03.193+0000] {manager.py:879} INFO - 
================================================================================
DAG File Processing Stats

File Path                                             PID    Runtime      # DAGs    # Errors  Last Runtime    Last Run
----------------------------------------------------  -----  ---------  --------  ----------  --------------  -------------------
/opt/airflow/dags/marketplace_orders_ingest_daily.py                           1           0  1.64s           2026-04-10T12:20:39
================================================================================
[2026-04-10T12:21:33.370+0000] {manager.py:879} INFO - 
================================================================================
DAG File Processing Stats

File Path                                             PID    Runtime      # DAGs    # Errors  Last Runtime    Last Run
----------------------------------------------------  -----  ---------  --------  ----------  --------------  -------------------
/opt/airflow/dags/marketplace_orders_ingest_daily.py                           1           0  5.30s           2026-04-10T12:21:14
================================================================================
[2026-04-10T12:22:04.340+0000] {manager.py:879} INFO - 
================================================================================
DAG File Processing Stats

File Path                                             PID    Runtime      # DAGs    # Errors  Last Runtime    Last Run
----------------------------------------------------  -----  ---------  --------  ----------  --------------  -------------------
/opt/airflow/dags/marketplace_orders_ingest_daily.py                           1           0  0.36s           2026-04-10T12:21:46
================================================================================
[2026-04-10T12:22:34.412+0000] {manager.py:879} INFO - 
================================================================================
DAG File Processing Stats

File Path                                             PID    Runtime      # DAGs    # Errors  Last Runtime    Last Run
----------------------------------------------------  -----  ---------  --------  ----------  --------------  -------------------
/opt/airflow/dags/marketplace_orders_ingest_daily.py                           1           0  1.54s           2026-04-10T12:22:18
================================================================================
[2026-04-10T12:23:16.338+0000] {manager.py:879} INFO - 
================================================================================
DAG File Processing Stats

File Path                                               PID  Runtime      # DAGs    # Errors  Last Runtime    Last Run
----------------------------------------------------  -----  ---------  --------  ----------  --------------  -------------------
/opt/airflow/dags/marketplace_orders_ingest_daily.py     57  27.70s            1           0  1.54s           2026-04-10T12:22:18
================================================================================
[2026-04-10T12:44:18.179+0000] {manager.py:469} INFO - Processing files using up to 2 processes at a time 
[2026-04-10T12:44:18.189+0000] {manager.py:470} INFO - Process each file at most once every 30 seconds
[2026-04-10T12:44:18.195+0000] {manager.py:471} INFO - Checking for new files in /opt/airflow/dags every 300 seconds
[2026-04-10T12:44:18.210+0000] {manager.py:738} INFO - Searching for files in /opt/airflow/dags
[2026-04-10T12:44:18.672+0000] {manager.py:741} INFO - There are 1 files in /opt/airflow/dags
[2026-04-10T12:44:19.680+0000] {manager.py:879} INFO - 
================================================================================
DAG File Processing Stats

File Path                                               PID  Runtime      # DAGs    # Errors  Last Runtime    Last Run
----------------------------------------------------  -----  ---------  --------  ----------  --------------  ----------
/opt/airflow/dags/marketplace_orders_ingest_daily.py     51  0.66s             0           0
================================================================================
[2026-04-10T12:44:50.463+0000] {manager.py:879} INFO - 
================================================================================
DAG File Processing Stats

File Path                                             PID    Runtime      # DAGs    # Errors  Last Runtime    Last Run
----------------------------------------------------  -----  ---------  --------  ----------  --------------  -------------------
/opt/airflow/dags/marketplace_orders_ingest_daily.py                           1           0  3.10s           2026-04-10T12:44:22
================================================================================
[2026-04-10T12:45:20.871+0000] {manager.py:879} INFO - 
================================================================================
DAG File Processing Stats

File Path                                             PID    Runtime      # DAGs    # Errors  Last Runtime    Last Run
----------------------------------------------------  -----  ---------  --------  ----------  --------------  -------------------
/opt/airflow/dags/marketplace_orders_ingest_daily.py                           1           0  5.67s           2026-04-10T12:44:58
================================================================================
[2026-04-10T12:45:52.398+0000] {manager.py:879} INFO - 
================================================================================
DAG File Processing Stats

File Path                                             PID    Runtime      # DAGs    # Errors  Last Runtime    Last Run
----------------------------------------------------  -----  ---------  --------  ----------  --------------  -------------------
/opt/airflow/dags/marketplace_orders_ingest_daily.py                           1           0  0.49s           2026-04-10T12:45:29
================================================================================
[2026-04-10T12:46:22.321+0000] {manager.py:879} INFO - 
================================================================================
DAG File Processing Stats

File Path                                             PID    Runtime      # DAGs    # Errors  Last Runtime    Last Run
----------------------------------------------------  -----  ---------  --------  ----------  --------------  -------------------
/opt/airflow/dags/marketplace_orders_ingest_daily.py                           1           0  0.62s           2026-04-10T12:46:00
================================================================================
[2026-04-10T12:46:52.654+0000] {manager.py:879} INFO - 
================================================================================
DAG File Processing Stats

File Path                                             PID    Runtime      # DAGs    # Errors  Last Runtime    Last Run
----------------------------------------------------  -----  ---------  --------  ----------  --------------  -------------------
/opt/airflow/dags/marketplace_orders_ingest_daily.py                           1           0  0.45s           2026-04-10T12:46:31
================================================================================
[2026-04-10T12:47:22.897+0000] {manager.py:879} INFO - 
================================================================================
DAG File Processing Stats

File Path                                             PID    Runtime      # DAGs    # Errors  Last Runtime    Last Run
----------------------------------------------------  -----  ---------  --------  ----------  --------------  -------------------
/opt/airflow/dags/marketplace_orders_ingest_daily.py                           1           0  0.65s           2026-04-10T12:47:02
================================================================================
[2026-04-10T12:47:53.412+0000] {manager.py:879} INFO - 
================================================================================
DAG File Processing Stats

File Path                                             PID    Runtime      # DAGs    # Errors  Last Runtime    Last Run
----------------------------------------------------  -----  ---------  --------  ----------  --------------  -------------------
/opt/airflow/dags/marketplace_orders_ingest_daily.py                           1           0  2.31s           2026-04-10T12:47:35
================================================================================
[2026-04-10T12:48:23.873+0000] {manager.py:879} INFO - 
================================================================================
DAG File Processing Stats

File Path                                             PID    Runtime      # DAGs    # Errors  Last Runtime    Last Run
----------------------------------------------------  -----  ---------  --------  ----------  --------------  -------------------
/opt/airflow/dags/marketplace_orders_ingest_daily.py                           1           0  0.48s           2026-04-10T12:48:06
================================================================================
[2026-04-10T12:48:54.188+0000] {manager.py:879} INFO - 
================================================================================
DAG File Processing Stats

File Path                                             PID    Runtime      # DAGs    # Errors  Last Runtime    Last Run
----------------------------------------------------  -----  ---------  --------  ----------  --------------  -------------------
/opt/airflow/dags/marketplace_orders_ingest_daily.py                           1           0  0.56s           2026-04-10T12:48:37
================================================================================
[2026-04-10T12:49:18.816+0000] {manager.py:738} INFO - Searching for files in /opt/airflow/dags
[2026-04-10T12:49:18.857+0000] {manager.py:741} INFO - There are 1 files in /opt/airflow/dags
[2026-04-10T12:49:24.954+0000] {manager.py:879} INFO - 
================================================================================
DAG File Processing Stats

File Path                                             PID    Runtime      # DAGs    # Errors  Last Runtime    Last Run
----------------------------------------------------  -----  ---------  --------  ----------  --------------  -------------------
/opt/airflow/dags/marketplace_orders_ingest_daily.py                           1           0  0.51s           2026-04-10T12:49:07
================================================================================
[2026-04-10T12:49:55.264+0000] {manager.py:879} INFO - 
================================================================================
DAG File Processing Stats

File Path                                             PID    Runtime      # DAGs    # Errors  Last Runtime    Last Run
----------------------------------------------------  -----  ---------  --------  ----------  --------------  -------------------
/opt/airflow/dags/marketplace_orders_ingest_daily.py                           1           0  0.22s           2026-04-10T12:49:38
================================================================================
[2026-04-10T12:50:25.659+0000] {manager.py:879} INFO - 
================================================================================
DAG File Processing Stats

File Path                                             PID    Runtime      # DAGs    # Errors  Last Runtime    Last Run
----------------------------------------------------  -----  ---------  --------  ----------  --------------  -------------------
/opt/airflow/dags/marketplace_orders_ingest_daily.py                           1           0  0.47s           2026-04-10T12:50:08
================================================================================
[2026-04-10T12:50:55.745+0000] {manager.py:879} INFO - 
================================================================================
DAG File Processing Stats

File Path                                             PID    Runtime      # DAGs    # Errors  Last Runtime    Last Run
----------------------------------------------------  -----  ---------  --------  ----------  --------------  -------------------
/opt/airflow/dags/marketplace_orders_ingest_daily.py                           1           0  0.36s           2026-04-10T12:50:39
================================================================================
[2026-04-10T12:51:26.006+0000] {manager.py:879} INFO - 
================================================================================
DAG File Processing Stats

File Path                                             PID    Runtime      # DAGs    # Errors  Last Runtime    Last Run
----------------------------------------------------  -----  ---------  --------  ----------  --------------  -------------------
/opt/airflow/dags/marketplace_orders_ingest_daily.py                           1           0  0.69s           2026-04-10T12:51:10
================================================================================
[2026-04-10T12:51:56.401+0000] {manager.py:879} INFO - 
================================================================================
DAG File Processing Stats

File Path                                             PID    Runtime      # DAGs    # Errors  Last Runtime    Last Run
----------------------------------------------------  -----  ---------  --------  ----------  --------------  -------------------
/opt/airflow/dags/marketplace_orders_ingest_daily.py                           1           0  0.40s           2026-04-10T12:51:41
================================================================================
[2026-04-10T12:52:26.986+0000] {manager.py:879} INFO - 
================================================================================
DAG File Processing Stats

File Path                                             PID    Runtime      # DAGs    # Errors  Last Runtime    Last Run
----------------------------------------------------  -----  ---------  --------  ----------  --------------  -------------------
/opt/airflow/dags/marketplace_orders_ingest_daily.py                           1           0  0.54s           2026-04-10T12:52:12
================================================================================
[2026-04-10T12:52:57.643+0000] {manager.py:879} INFO - 
================================================================================
DAG File Processing Stats

File Path                                             PID    Runtime      # DAGs    # Errors  Last Runtime    Last Run
----------------------------------------------------  -----  ---------  --------  ----------  --------------  -------------------
/opt/airflow/dags/marketplace_orders_ingest_daily.py                           1           0  0.61s           2026-04-10T12:52:42
================================================================================
[2026-04-10T12:53:28.102+0000] {manager.py:879} INFO - 
================================================================================
DAG File Processing Stats

File Path                                             PID    Runtime      # DAGs    # Errors  Last Runtime    Last Run
----------------------------------------------------  -----  ---------  --------  ----------  --------------  -------------------
/opt/airflow/dags/marketplace_orders_ingest_daily.py                           1           0  1.00s           2026-04-10T12:53:13
================================================================================
[2026-04-10T12:53:58.546+0000] {manager.py:879} INFO - 
================================================================================
DAG File Processing Stats

File Path                                             PID    Runtime      # DAGs    # Errors  Last Runtime    Last Run
----------------------------------------------------  -----  ---------  --------  ----------  --------------  -------------------
/opt/airflow/dags/marketplace_orders_ingest_daily.py                           1           0  0.26s           2026-04-10T12:53:44
================================================================================
[2026-04-10T12:54:19.528+0000] {manager.py:738} INFO - Searching for files in /opt/airflow/dags
[2026-04-10T12:54:19.638+0000] {manager.py:741} INFO - There are 1 files in /opt/airflow/dags
[2026-04-10T12:54:28.780+0000] {manager.py:879} INFO - 
================================================================================
DAG File Processing Stats

File Path                                             PID    Runtime      # DAGs    # Errors  Last Runtime    Last Run
----------------------------------------------------  -----  ---------  --------  ----------  --------------  -------------------
/opt/airflow/dags/marketplace_orders_ingest_daily.py                           1           0  0.82s           2026-04-10T12:54:15
================================================================================
[2026-04-10T12:54:59.161+0000] {manager.py:879} INFO - 
================================================================================
DAG File Processing Stats

File Path                                             PID    Runtime      # DAGs    # Errors  Last Runtime    Last Run
----------------------------------------------------  -----  ---------  --------  ----------  --------------  -------------------
/opt/airflow/dags/marketplace_orders_ingest_daily.py                           1           0  0.48s           2026-04-10T12:54:46
================================================================================
[2026-04-10T12:55:29.738+0000] {manager.py:879} INFO - 
================================================================================
DAG File Processing Stats

File Path                                             PID    Runtime      # DAGs    # Errors  Last Runtime    Last Run
----------------------------------------------------  -----  ---------  --------  ----------  --------------  -------------------
/opt/airflow/dags/marketplace_orders_ingest_daily.py                           1           0  0.36s           2026-04-10T12:55:17
================================================================================
[2026-04-10T12:55:59.815+0000] {manager.py:879} INFO - 
================================================================================
DAG File Processing Stats

File Path                                             PID    Runtime      # DAGs    # Errors  Last Runtime    Last Run
----------------------------------------------------  -----  ---------  --------  ----------  --------------  -------------------
/opt/airflow/dags/marketplace_orders_ingest_daily.py                           1           0  0.34s           2026-04-10T12:55:47
================================================================================
[2026-04-10T12:56:30.072+0000] {manager.py:879} INFO - 
================================================================================
DAG File Processing Stats

File Path                                             PID    Runtime      # DAGs    # Errors  Last Runtime    Last Run
----------------------------------------------------  -----  ---------  --------  ----------  --------------  -------------------
/opt/airflow/dags/marketplace_orders_ingest_daily.py                           1           0  0.42s           2026-04-10T12:56:18
================================================================================
[2026-04-10T12:57:00.433+0000] {manager.py:879} INFO - 
================================================================================
DAG File Processing Stats

File Path                                             PID    Runtime      # DAGs    # Errors  Last Runtime    Last Run
----------------------------------------------------  -----  ---------  --------  ----------  --------------  -------------------
/opt/airflow/dags/marketplace_orders_ingest_daily.py                           1           0  0.46s           2026-04-10T12:56:48
================================================================================
[2026-04-10T12:57:30.601+0000] {manager.py:879} INFO - 
================================================================================
DAG File Processing Stats

File Path                                             PID    Runtime      # DAGs    # Errors  Last Runtime    Last Run
----------------------------------------------------  -----  ---------  --------  ----------  --------------  -------------------
/opt/airflow/dags/marketplace_orders_ingest_daily.py                           1           0  0.48s           2026-04-10T12:57:19
================================================================================
[2026-04-10T12:58:00.721+0000] {manager.py:879} INFO - 
================================================================================
DAG File Processing Stats

File Path                                             PID    Runtime      # DAGs    # Errors  Last Runtime    Last Run
----------------------------------------------------  -----  ---------  --------  ----------  --------------  -------------------
/opt/airflow/dags/marketplace_orders_ingest_daily.py                           1           0  1.12s           2026-04-10T12:57:50
================================================================================
[2026-04-10T12:58:30.757+0000] {manager.py:879} INFO - 
================================================================================
DAG File Processing Stats

File Path                                             PID    Runtime      # DAGs    # Errors  Last Runtime    Last Run
----------------------------------------------------  -----  ---------  --------  ----------  --------------  -------------------
/opt/airflow/dags/marketplace_orders_ingest_daily.py                           1           0  0.50s           2026-04-10T12:58:21
================================================================================
[2026-04-10T12:59:01.416+0000] {manager.py:879} INFO - 
================================================================================
DAG File Processing Stats

File Path                                             PID    Runtime      # DAGs    # Errors  Last Runtime    Last Run
----------------------------------------------------  -----  ---------  --------  ----------  --------------  -------------------
/opt/airflow/dags/marketplace_orders_ingest_daily.py                           1           0  0.42s           2026-04-10T12:58:52
================================================================================
[2026-04-10T12:59:19.719+0000] {manager.py:738} INFO - Searching for files in /opt/airflow/dags
[2026-04-10T12:59:20.119+0000] {manager.py:741} INFO - There are 1 files in /opt/airflow/dags
[2026-04-10T12:59:31.412+0000] {manager.py:879} INFO - 
================================================================================
DAG File Processing Stats

File Path                                             PID    Runtime      # DAGs    # Errors  Last Runtime    Last Run
----------------------------------------------------  -----  ---------  --------  ----------  --------------  -------------------
/opt/airflow/dags/marketplace_orders_ingest_daily.py                           1           0  0.96s           2026-04-10T12:59:24
================================================================================
[2026-04-10T12:59:35.144+0000] {manager.py:451} INFO - Exiting gracefully upon receiving signal 15
